Arguments: 
  C:\Program Files\nodejs\node.exe C:\Users\mujeebansari\AppData\Roaming\npm\node_modules\yarn\bin\yarn.js add react-router-dom --force

PATH: 
  C:\Users\mujeebansari\bin;C:\ProgramData\Git\mingw64\bin;C:\ProgramData\Git\usr\local\bin;C:\ProgramData\Git\usr\bin;C:\ProgramData\Git\usr\bin;C:\ProgramData\Git\mingw64\bin;C:\ProgramData\Git\usr\bin;C:\Users\mujeebansari\bin;C:\ProgramData\Git\bi;C:\Windows\system32";C:\Program Files\nodejs;C:\Program Files\Docker\Docker\resources\bin;C:\Program Files (x86)\Microsoft SQL Server\160\DTS\Binn;C:\Program Files\Azure Data Studio\bin;C:\Program Files\Microsoft SQL Server\Client SDK\ODBC\170\Tools\Binn;C:\Program Files\Microsoft SQL Server\150\Tools\Binn;C:\Program Files\dotnet;C:\Users\mujeebansari\AppData\Local\Microsoft\WindowsApps;C:\Users\mujeebansari\AppData\Local\Programs\Microsoft VS Code\bin;C:\ProgramData\Git\cmd;C:\Users\mujeebansari\AppData\Roaming\npm;C:\ProgramData\Git\usr\bin\vendor_perl;C:\ProgramData\Git\usr\bin\core_perl

Yarn version: 
  1.22.19

Node version: 
  18.16.0

Platform: 
  win32 x64

Trace: 
  Error: true/@emotion%2freact: Invalid URI "true/@emotion%2freact"
      at module.exports.Request.init (C:\Users\mujeebansari\AppData\Roaming\npm\node_modules\yarn\lib\cli.js:140978:31)
      at new Request (C:\Users\mujeebansari\AppData\Roaming\npm\node_modules\yarn\lib\cli.js:140832:8)
      at request (C:\Users\mujeebansari\AppData\Roaming\npm\node_modules\yarn\lib\cli.js:137738:10)
      at RequestManager.execute (C:\Users\mujeebansari\AppData\Roaming\npm\node_modules\yarn\lib\cli.js:66197:15)
      at RequestManager.shiftQueue (C:\Users\mujeebansari\AppData\Roaming\npm\node_modules\yarn\lib\cli.js:66235:10)
      at C:\Users\mujeebansari\AppData\Roaming\npm\node_modules\yarn\lib\cli.js:65905:13
      at new Promise (<anonymous>)
      at new F (C:\Users\mujeebansari\AppData\Roaming\npm\node_modules\yarn\lib\cli.js:5305:28)
      at RequestManager.request (C:\Users\mujeebansari\AppData\Roaming\npm\node_modules\yarn\lib\cli.js:65903:19)
      at NpmRegistry.<anonymous> (C:\Users\mujeebansari\AppData\Roaming\npm\node_modules\yarn\lib\cli.js:31751:42)

npm manifest: 
  {
    "name": "my-app",
    "version": "0.1.0",
    "private": true,
    "dependencies": {
      "@emotion/react": "^11.11.3",
      "@emotion/styled": "^11.11.0",
      "@material-ui/core": "^4.12.4",
      "@mui/icons-material": "^5.15.3",
      "@mui/material": "^5.15.3",
      "@testing-library/jest-dom": "^5.17.0",
      "@testing-library/react": "^13.4.0",
      "@testing-library/user-event": "^13.5.0",
      "@types/jest": "^27.5.2",
      "@types/node": "^16.18.69",
      "@types/react": "^18.2.46",
      "@types/react-dom": "^18.2.18",
      "jspdf": "^2.5.1",
      "jspdf-autotable": "^3.8.1",
      "react": "^18.2.0",
      "react-dom": "^18.2.0",
      "react-scripts": "5.0.1",
      "typescript": "^4.9.5",
      "web-vitals": "^2.1.4",
      "xlsx": "^0.18.5"
    },
    "scripts": {
      "start": "react-scripts start",
      "build": "react-scripts build",
      "test": "react-scripts test",
      "eject": "react-scripts eject"
    },
    "eslintConfig": {
      "extends": [
        "react-app",
        "react-app/jest"
      ]
    },
    "browserslist": {
      "production": [
        ">0.2%",
        "not dead",
        "not op_mini all"
      ],
      "development": [
        "last 1 chrome version",
        "last 1 firefox version",
        "last 1 safari version"
      ]
    }
  }

yarn manifest: 
  No manifest

Lockfile: 
  No lockfile
